<?xml version="1.0" encoding="UTF-8"?>
<!-- Generated by org.testng.reporters.JUnitReportReporter -->
<testsuite hostname="DESKTOP-6IVHGF6" failures="0" tests="1" name="com.api_automationTesting.Pet_Store_Automation" time="3.716" errors="0" timestamp="2024-11-29T13:11:25 IST" skipped="0">
  <testcase classname="com.api_automationTesting.Pet_Store_Automation" name="PlaceOrder" time="3.716"/>
  <system-out/>
</testsuite> <!-- com.api_automationTesting.Pet_Store_Automation -->
