<?xml version="1.0" encoding="UTF-8"?>
<!-- Generated by org.testng.reporters.JUnitReportReporter -->
<testsuite hostname="DESKTOP-6IVHGF6" failures="0" tests="5" name="com.databaseTesting.CRUD_operation" time="0.666" errors="0" timestamp="2024-11-29T12:08:54 IST" skipped="0">
  <testcase classname="com.databaseTesting.CRUD_operation" name="SelectQuery_DBTest" time="0.101"/>
  <system-out/>
  <testcase classname="com.databaseTesting.CRUD_operation" name="UpdateData_DBTest" time="0.078"/>
  <system-out/>
  <testcase classname="com.databaseTesting.CRUD_operation" name="InsertData_DBTest" time="0.063"/>
  <system-out/>
  <testcase classname="com.databaseTesting.CRUD_operation" name="UpdateEmployeeSalary_DBTest" time="0.349"/>
  <system-out/>
  <testcase classname="com.databaseTesting.CRUD_operation" name="DeleteData_DBTest" time="0.075"/>
  <system-out/>
</testsuite> <!-- com.databaseTesting.CRUD_operation -->
