<?xml version="1.0" encoding="UTF-8"?>
<!-- Generated by org.testng.reporters.JUnitReportReporter -->
<testsuite hostname="DESKTOP-6IVHGF6" failures="0" tests="12" name="com.api_automationTesting.jsonServer" time="1.946" errors="0" timestamp="2024-11-29T14:54:34 IST" skipped="0">
  <testcase classname="com.api_automationTesting.jsonServer" name="GetPostsTest" time="1.473"/>
  <system-out/>
  <testcase classname="com.api_automationTesting.jsonServer" name="createPostTest" time="0.151"/>
  <system-out/>
  <testcase classname="com.api_automationTesting.jsonServer" name="UpdatePostTest" time="0.049"/>
  <system-out/>
  <testcase classname="com.api_automationTesting.jsonServer" name="DeletePostTest" time="0.070"/>
  <system-out/>
  <testcase classname="com.api_automationTesting.jsonServer" name="GetCommentsTest" time="0.016"/>
  <system-out/>
  <testcase classname="com.api_automationTesting.jsonServer" name="createCommentTest" time="0.028"/>
  <system-out/>
  <testcase classname="com.api_automationTesting.jsonServer" name="UpdateCommentTest" time="0.055"/>
  <system-out/>
  <testcase classname="com.api_automationTesting.jsonServer" name="DeleteCommentTest" time="0.031"/>
  <system-out/>
  <testcase classname="com.api_automationTesting.jsonServer" name="GetProfileTest" time="0.016"/>
  <system-out/>
  <testcase classname="com.api_automationTesting.jsonServer" name="CreateProfileTest" time="0.018"/>
  <system-out/>
  <testcase classname="com.api_automationTesting.jsonServer" name="UpdateProfileTest" time="0.021"/>
  <system-out/>
  <testcase classname="com.api_automationTesting.jsonServer" name="DeleteProfileTest" time="0.018"/>
  <system-out/>
</testsuite> <!-- com.api_automationTesting.jsonServer -->
